<?xml version="1.0" encoding="UTF-8"?>
<!-- Generated by org.testng.reporters.JUnitReportReporter -->
<testsuite skipped="0" hostname="MEHUL-PC" name="storePO.RegisterForm" tests="2" failures="0" timestamp="10 Jan 2019 09:11:29 GMT" time="68.802" errors="0">
  <testcase name="SignInPage" time="29.729" classname="storePO.RegisterForm"/>
  <testcase name="RegisterPage" time="39.073" classname="storePO.RegisterForm"/>
</testsuite> <!-- storePO.RegisterForm -->
