<?xml version="1.0" encoding="UTF-8"?>
<!-- Generated by org.testng.reporters.JUnitReportReporter -->
<testsuite skipped="0" hostname="MEHUL-PC" name="storePO.RegisterForm" tests="2" failures="0" timestamp="10 Jan 2019 08:27:04 GMT" time="50.323" errors="0">
  <testcase name="SignInPage" time="21.804" classname="storePO.RegisterForm"/>
  <testcase name="RegisterPage" time="28.519" classname="storePO.RegisterForm"/>
</testsuite> <!-- storePO.RegisterForm -->
