<?xml version="1.0" encoding="UTF-8"?>
<!-- Generated by org.testng.reporters.JUnitReportReporter -->
<testsuite skipped="0" hostname="MEHUL-PC" name="storePO.HomePageTest" tests="4" failures="0" timestamp="16 Jan 2019 16:54:07 GMT" time="58.218" errors="0">
  <testcase name="RegisterPage" time="14.792" classname="storePO.HomePageTest"/>
  <testcase name="purchaseTest" time="10.867" classname="storePO.HomePageTest"/>
  <testcase name="purchaseTest" time="13.508" classname="storePO.HomePageTest"/>
  <testcase name="purchaseTest" time="19.051" classname="storePO.HomePageTest"/>
</testsuite> <!-- storePO.HomePageTest -->
